  FaceRecognition.cpp
C:\Users\Daniel\Documents\ED21-02-Zazzali-Gonzalez\Taller\FaceRecognition.cpp(76,93): warning C4244: 'argumento': conversión de 'double' a '_Tp'; posible pérdida de datos
          with
          [
              _Tp=int
          ]
C:\Users\Daniel\Documents\ED21-02-Zazzali-Gonzalez\Taller\FaceRecognition.cpp(76,60): warning C4244: 'argumento': conversión de 'double' a '_Tp'; posible pérdida de datos
          with
          [
              _Tp=int
          ]
C:\Users\Daniel\Documents\ED21-02-Zazzali-Gonzalez\Taller\FaceRecognition.cpp(86,10): warning C4244: 'inicializando': conversión de 'double' a 'int'; posible pérdida de datos
C:\Users\Daniel\Documents\ED21-02-Zazzali-Gonzalez\Taller\FaceRecognition.cpp(87,10): warning C4244: 'inicializando': conversión de 'double' a 'int'; posible pérdida de datos
C:\Users\Daniel\Documents\ED21-02-Zazzali-Gonzalez\Taller\FaceRecognition.cpp(88,10): warning C4244: 'inicializando': conversión de 'double' a 'int'; posible pérdida de datos
C:\Users\Daniel\Documents\ED21-02-Zazzali-Gonzalez\Taller\FaceRecognition.cpp(89,10): warning C4244: 'inicializando': conversión de 'double' a 'int'; posible pérdida de datos
  Identity.cpp
  LinkedList.cpp
  Node.cpp
  Generando código...
  Taller.vcxproj -> C:\Users\Daniel\Documents\ED21-02-Zazzali-Gonzalez\Taller\x64\Debug\Taller.exe
